<?xml version="1.0" encoding="UTF-8"?>
<!-- Generated by org.testng.reporters.JUnitXMLReporter -->
<testsuite ignored="0" hostname="DESKTOP-S4VQME9" failures="2" tests="2" name="Test" time="36.174" errors="0" timestamp="2023-11-28T18:52:04 IST">
  <testcase classname="listener.FbTest" name="titleCheck" time="2.316">
    <failure type="java.lang.AssertionError" message="expected [Fb] but found [Facebook – log in or sign up]">
      <![CDATA[java.lang.AssertionError: expected [Fb] but found [Facebook – log in or sign up]
at listener.FbTest.titleCheck(FbTest.java:19)
at java.base/java.util.ArrayList.forEach(ArrayList.java:1511)
... Removed 31 stack frames]]>
    </failure>
  </testcase> <!-- titleCheck -->
  <testcase classname="listener.FbTest" name="login" time="33.593">
    <failure type="java.lang.AssertionError" message="expected [Fb] but found [Error]">
      <![CDATA[java.lang.AssertionError: expected [Fb] but found [Error]
at listener.FbTest.login(FbTest.java:30)
at java.base/java.util.ArrayList.forEach(ArrayList.java:1511)
... Removed 31 stack frames]]>
    </failure>
  </testcase> <!-- login -->
</testsuite> <!-- Test -->
